<?xml version="1.0" encoding="UTF-8"?>
<coverage generated="1678187422646" clover="3.2.0">
  <project timestamp="1678187422646" name="All files">
    <metrics statements="263" coveredstatements="216" conditionals="113" coveredconditionals="76" methods="65" coveredmethods="58" elements="441" coveredelements="350" complexity="0" loc="263" ncloc="263" packages="3" files="7" classes="7"/>
    <package name="code">
      <metrics statements="244" coveredstatements="197" conditionals="111" coveredconditionals="74" methods="58" coveredmethods="51"/>
      <file name="binds.ts" path="/Users/deverkemmenash/Desktop/2021/Portfolio/ts-pattern/src/code/binds.ts">
        <metrics statements="21" coveredstatements="19" conditionals="2" coveredconditionals="1" methods="8" coveredmethods="7"/>
        <line num="1" count="2" type="stmt"/>
        <line num="13" count="2" type="stmt"/>
        <line num="17" count="66" type="stmt"/>
        <line num="24" count="66" type="stmt"/>
        <line num="36" count="2" type="stmt"/>
        <line num="39" count="66" type="stmt"/>
        <line num="43" count="2" type="stmt"/>
        <line num="46" count="6" type="stmt"/>
        <line num="52" count="6" type="stmt"/>
        <line num="54" count="6" type="stmt"/>
        <line num="58" count="2" type="stmt"/>
        <line num="59" count="6" type="stmt"/>
        <line num="60" count="66" type="cond" truecount="1" falsecount="1"/>
        <line num="61" count="6" type="stmt"/>
        <line num="64" count="2" type="stmt"/>
        <line num="68" count="0" type="stmt"/>
        <line num="75" count="0" type="stmt"/>
        <line num="86" count="2" type="stmt"/>
        <line num="87" count="2" type="stmt"/>
        <line num="88" count="2" type="stmt"/>
        <line num="90" count="2" type="stmt"/>
      </file>
      <file name="match.ts" path="/Users/deverkemmenash/Desktop/2021/Portfolio/ts-pattern/src/code/match.ts">
        <metrics statements="30" coveredstatements="30" conditionals="9" coveredconditionals="9" methods="7" coveredmethods="7"/>
        <line num="4" count="1" type="stmt"/>
        <line num="11" count="1" type="stmt"/>
        <line num="15" count="47" type="stmt"/>
        <line num="21" count="1" type="stmt"/>
        <line num="27" count="96" type="stmt"/>
        <line num="28" count="96" type="stmt"/>
        <line num="34" count="1" type="stmt"/>
        <line num="35" count="48" type="cond" truecount="3" falsecount="0"/>
        <line num="38" count="1" type="stmt"/>
        <line num="41" count="41" type="stmt"/>
        <line num="42" count="41" type="stmt"/>
        <line num="43" count="41" type="stmt"/>
        <line num="46" count="1" type="stmt"/>
        <line num="51" count="2" type="stmt"/>
        <line num="52" count="2" type="stmt"/>
        <line num="53" count="2" type="cond" truecount="2" falsecount="0"/>
        <line num="54" count="1" type="stmt"/>
        <line num="56" count="1" type="stmt"/>
        <line num="60" count="1" type="stmt"/>
        <line num="62" count="2" type="stmt"/>
        <line num="63" count="2" type="stmt"/>
        <line num="64" count="2" type="cond" truecount="2" falsecount="0"/>
        <line num="65" count="1" type="stmt"/>
        <line num="67" count="1" type="stmt"/>
        <line num="71" count="1" type="stmt"/>
        <line num="73" count="2" type="stmt"/>
        <line num="74" count="2" type="stmt"/>
        <line num="75" count="2" type="cond" truecount="2" falsecount="0"/>
        <line num="76" count="1" type="stmt"/>
        <line num="78" count="1" type="stmt"/>
      </file>
      <file name="matcher.ts" path="/Users/deverkemmenash/Desktop/2021/Portfolio/ts-pattern/src/code/matcher.ts">
        <metrics statements="14" coveredstatements="14" conditionals="2" coveredconditionals="2" methods="8" coveredmethods="8"/>
        <line num="4" count="1" type="stmt"/>
        <line num="17" count="1" type="stmt"/>
        <line num="18" count="143" type="stmt"/>
        <line num="20" count="143" type="stmt"/>
        <line num="27" count="96" type="stmt"/>
        <line num="32" count="41" type="stmt"/>
        <line num="33" count="41" type="cond" truecount="2" falsecount="0"/>
        <line num="34" count="1" type="stmt"/>
        <line num="36" count="40" type="stmt"/>
        <line num="41" count="2" type="stmt"/>
        <line num="45" count="2" type="stmt"/>
        <line num="49" count="2" type="stmt"/>
        <line num="53" count="1" type="stmt"/>
        <line num="54" count="47" type="stmt"/>
      </file>
      <file name="matcherEngine.ts" path="/Users/deverkemmenash/Desktop/2021/Portfolio/ts-pattern/src/code/matcherEngine.ts">
        <metrics statements="179" coveredstatements="134" conditionals="98" coveredconditionals="62" methods="35" coveredmethods="29"/>
        <line num="1" count="2" type="stmt"/>
        <line num="6" count="2" type="stmt"/>
        <line num="25" count="561" type="stmt"/>
        <line num="27" count="2" type="stmt"/>
        <line num="30" count="150" type="cond" truecount="2" falsecount="0"/>
        <line num="33" count="2" type="stmt"/>
        <line num="36" count="150" type="cond" truecount="2" falsecount="0"/>
        <line num="39" count="2" type="stmt"/>
        <line num="40" count="80" type="cond" truecount="3" falsecount="0"/>
        <line num="43" count="2" type="stmt"/>
        <line num="44" count="153" type="cond" truecount="2" falsecount="0"/>
        <line num="48" count="2" type="stmt"/>
        <line num="49" count="535" type="cond" truecount="3" falsecount="0"/>
        <line num="52" count="2" type="stmt"/>
        <line num="53" count="73" type="cond" truecount="1" falsecount="0"/>
        <line num="54" count="69" type="stmt"/>
        <line num="55" count="69" type="stmt"/>
        <line num="56" count="69" type="stmt"/>
        <line num="57" count="69" type="cond" truecount="2" falsecount="0"/>
        <line num="59" count="43" type="stmt"/>
        <line num="61" count="26" type="stmt"/>
        <line num="65" count="2" type="stmt"/>
        <line num="66" count="163" type="cond" truecount="1" falsecount="0"/>
        <line num="67" count="11" type="stmt"/>
        <line num="69" count="152" type="cond" truecount="2" falsecount="0"/>
        <line num="70" count="2" type="stmt"/>
        <line num="71" count="150" type="cond" truecount="1" falsecount="1"/>
        <line num="72" count="0" type="stmt"/>
        <line num="73" count="150" type="cond" truecount="2" falsecount="0"/>
        <line num="74" count="30" type="stmt"/>
        <line num="75" count="120" type="cond" truecount="1" falsecount="1"/>
        <line num="76" count="0" type="stmt"/>
        <line num="77" count="120" type="cond" truecount="2" falsecount="0"/>
        <line num="78" count="30" type="stmt"/>
        <line num="79" count="30" type="stmt"/>
        <line num="80" count="90" type="cond" truecount="2" falsecount="0"/>
        <line num="81" count="26" type="stmt"/>
        <line num="82" count="26" type="stmt"/>
        <line num="83" count="64" type="cond" truecount="2" falsecount="0"/>
        <line num="84" count="28" type="stmt"/>
        <line num="85" count="28" type="stmt"/>
        <line num="86" count="28" type="stmt"/>
        <line num="88" count="36" type="stmt"/>
        <line num="92" count="2" type="stmt"/>
        <line num="93" count="26" type="cond" truecount="2" falsecount="0"/>
        <line num="94" count="4" type="stmt"/>
        <line num="96" count="22" type="stmt"/>
        <line num="100" count="2" type="stmt"/>
        <line num="101" count="22" type="stmt"/>
        <line num="104" count="2" type="stmt"/>
        <line num="105" count="12" type="cond" truecount="2" falsecount="0"/>
        <line num="106" count="4" type="stmt"/>
        <line num="108" count="8" type="cond" truecount="2" falsecount="0"/>
        <line num="109" count="6" type="stmt"/>
        <line num="111" count="2" type="cond" truecount="1" falsecount="2"/>
        <line num="113" count="0" type="stmt"/>
        <line num="114" count="0" type="stmt"/>
        <line num="117" count="2" type="stmt"/>
        <line num="118" count="2" type="stmt"/>
        <line num="121" count="0" type="stmt"/>
        <line num="127" count="2" type="stmt"/>
        <line num="128" count="4" type="stmt"/>
        <line num="129" count="4" type="stmt"/>
        <line num="130" count="4" type="cond" truecount="1" falsecount="0"/>
        <line num="131" count="2" type="stmt"/>
        <line num="132" count="2" type="stmt"/>
        <line num="133" count="2" type="stmt"/>
        <line num="134" count="2" type="cond" truecount="0" falsecount="1"/>
        <line num="135" count="2" type="cond" truecount="4" falsecount="0"/>
        <line num="136" count="2" type="stmt"/>
        <line num="139" count="2" type="stmt"/>
        <line num="140" count="36" type="stmt"/>
        <line num="143" count="2" type="stmt"/>
        <line num="144" count="2" type="stmt"/>
        <line num="145" count="2" type="stmt"/>
        <line num="146" count="2" type="cond" truecount="1" falsecount="1"/>
        <line num="147" count="2" type="stmt"/>
        <line num="149" count="0" type="stmt"/>
        <line num="153" count="2" type="stmt"/>
        <line num="154" count="30" type="stmt"/>
        <line num="155" count="30" type="stmt"/>
        <line num="156" count="30" type="cond" truecount="1" falsecount="1"/>
        <line num="157" count="30" type="stmt"/>
        <line num="159" count="0" type="stmt"/>
        <line num="163" count="2" type="stmt"/>
        <line num="164" count="0" type="stmt"/>
        <line num="165" count="0" type="stmt"/>
        <line num="166" count="0" type="cond" truecount="0" falsecount="2"/>
        <line num="167" count="0" type="stmt"/>
        <line num="169" count="0" type="stmt"/>
        <line num="173" count="2" type="stmt"/>
        <line num="176" count="28" type="cond" truecount="3" falsecount="0"/>
        <line num="179" count="2" type="stmt"/>
        <line num="180" count="28" type="cond" truecount="1" falsecount="1"/>
        <line num="181" count="0" type="stmt"/>
        <line num="183" count="28" type="stmt"/>
        <line num="187" count="2" type="stmt"/>
        <line num="188" count="34" type="stmt"/>
        <line num="191" count="2" type="stmt"/>
        <line num="192" count="28" type="stmt"/>
        <line num="195" count="2" type="stmt"/>
        <line num="196" count="28" type="stmt"/>
        <line num="198" count="58" type="stmt"/>
        <line num="199" count="58" type="cond" truecount="1" falsecount="0"/>
        <line num="200" count="51" type="cond" truecount="1" falsecount="0"/>
        <line num="201" count="43" type="stmt"/>
        <line num="207" count="2" type="stmt"/>
        <line num="208" count="0" type="stmt"/>
        <line num="209" count="0" type="stmt"/>
        <line num="210" count="0" type="stmt"/>
        <line num="211" count="0" type="cond" truecount="0" falsecount="2"/>
        <line num="213" count="0" type="stmt"/>
        <line num="215" count="0" type="cond" truecount="0" falsecount="1"/>
        <line num="217" count="0" type="stmt"/>
        <line num="219" count="0" type="cond" truecount="0" falsecount="2"/>
        <line num="220" count="0" type="stmt"/>
        <line num="222" count="0" type="stmt"/>
        <line num="223" count="0" type="cond" truecount="0" falsecount="2"/>
        <line num="224" count="0" type="stmt"/>
        <line num="226" count="0" type="cond" truecount="0" falsecount="4"/>
        <line num="227" count="0" type="stmt"/>
        <line num="239" count="2" type="stmt"/>
        <line num="243" count="0" type="stmt"/>
        <line num="244" count="0" type="cond" truecount="0" falsecount="4"/>
        <line num="245" count="0" type="stmt"/>
        <line num="248" count="0" type="stmt"/>
        <line num="251" count="2" type="stmt"/>
        <line num="252" count="12" type="cond" truecount="1" falsecount="1"/>
        <line num="254" count="0" type="stmt"/>
        <line num="255" count="0" type="stmt"/>
        <line num="257" count="0" type="cond" truecount="0" falsecount="1"/>
        <line num="258" count="0" type="stmt"/>
        <line num="259" count="0" type="cond" truecount="0" falsecount="2"/>
        <line num="260" count="0" type="stmt"/>
        <line num="262" count="0" type="stmt"/>
        <line num="267" count="0" type="cond" truecount="0" falsecount="2"/>
        <line num="268" count="0" type="stmt"/>
        <line num="270" count="0" type="stmt"/>
        <line num="274" count="12" type="stmt"/>
        <line num="275" count="12" type="stmt"/>
        <line num="277" count="34" type="cond" truecount="0" falsecount="1"/>
        <line num="278" count="34" type="stmt"/>
        <line num="282" count="12" type="cond" truecount="1" falsecount="1"/>
        <line num="283" count="12" type="stmt"/>
        <line num="285" count="0" type="stmt"/>
        <line num="291" count="2" type="stmt"/>
        <line num="292" count="36" type="stmt"/>
        <line num="293" count="36" type="stmt"/>
        <line num="294" count="36" type="cond" truecount="3" falsecount="0"/>
        <line num="295" count="24" type="stmt"/>
        <line num="298" count="2" type="stmt"/>
        <line num="299" count="63" type="cond" truecount="1" falsecount="0"/>
        <line num="300" count="16" type="cond" truecount="1" falsecount="1"/>
        <line num="301" count="16" type="stmt"/>
        <line num="303" count="0" type="stmt"/>
        <line num="307" count="47" type="stmt"/>
        <line num="309" count="47" type="cond" truecount="2" falsecount="0"/>
        <line num="310" count="12" type="stmt"/>
        <line num="312" count="35" type="cond" truecount="1" falsecount="0"/>
        <line num="313" count="2" type="cond" truecount="1" falsecount="1"/>
        <line num="314" count="0" type="stmt"/>
        <line num="316" count="2" type="stmt"/>
        <line num="320" count="33" type="stmt"/>
        <line num="321" count="33" type="stmt"/>
        <line num="356" count="2" type="stmt"/>
        <line num="357" count="6" type="stmt"/>
        <line num="358" count="6" type="stmt"/>
        <line num="359" count="6" type="stmt"/>
        <line num="362" count="2" type="stmt"/>
        <line num="368" count="3" type="stmt"/>
        <line num="369" count="3" type="stmt"/>
        <line num="370" count="3" type="cond" truecount="1" falsecount="1"/>
        <line num="371" count="0" type="stmt"/>
        <line num="373" count="3" type="stmt"/>
        <line num="385" count="2" type="stmt"/>
        <line num="387" count="30" type="stmt"/>
        <line num="388" count="30" type="cond" truecount="2" falsecount="0"/>
        <line num="389" count="3" type="stmt"/>
        <line num="391" count="27" type="stmt"/>
      </file>
    </package>
    <package name="future">
      <metrics statements="17" coveredstatements="17" conditionals="2" coveredconditionals="2" methods="7" coveredmethods="7"/>
      <file name="taggedUnion.ts" path="/Users/deverkemmenash/Desktop/2021/Portfolio/ts-pattern/src/future/taggedUnion.ts">
        <metrics statements="17" coveredstatements="17" conditionals="2" coveredconditionals="2" methods="7" coveredmethods="7"/>
        <line num="6" count="1" type="stmt"/>
        <line num="9" count="1" type="stmt"/>
        <line num="12" count="1" type="stmt"/>
        <line num="63" count="1" type="stmt"/>
        <line num="69" count="4" type="stmt"/>
        <line num="70" count="33" type="cond" truecount="2" falsecount="0"/>
        <line num="71" count="17" type="stmt"/>
        <line num="72" count="17" type="stmt"/>
        <line num="77" count="16" type="stmt"/>
        <line num="83" count="4" type="stmt"/>
        <line num="106" count="1" type="stmt"/>
        <line num="107" count="1" type="stmt"/>
        <line num="108" count="1" type="stmt"/>
        <line num="109" count="2" type="stmt"/>
        <line num="140" count="1" type="stmt"/>
        <line num="152" count="1" type="stmt"/>
        <line num="155" count="2" type="stmt"/>
      </file>
    </package>
    <package name="types">
      <metrics statements="2" coveredstatements="2" conditionals="0" coveredconditionals="0" methods="0" coveredmethods="0"/>
      <file name="bind.ts" path="/Users/deverkemmenash/Desktop/2021/Portfolio/ts-pattern/src/types/bind.ts">
        <metrics statements="1" coveredstatements="1" conditionals="0" coveredconditionals="0" methods="0" coveredmethods="0"/>
        <line num="7" count="2" type="stmt"/>
      </file>
      <file name="pattern.ts" path="/Users/deverkemmenash/Desktop/2021/Portfolio/ts-pattern/src/types/pattern.ts">
        <metrics statements="1" coveredstatements="1" conditionals="0" coveredconditionals="0" methods="0" coveredmethods="0"/>
        <line num="6" count="2" type="stmt"/>
      </file>
    </package>
  </project>
</coverage>
