{"/Users/deverkemmenash/Desktop/2021/Portfolio/ts-pattern/src/code/binds.ts": {"path":"/Users/deverkemmenash/Desktop/2021/Portfolio/ts-pattern/src/code/binds.ts","statementMap":{"0":{"start":{"line":1,"column":0},"end":{"line":1,"column":null}},"1":{"start":{"line":13,"column":33},"end":{"line":33,"column":1}},"2":{"start":{"line":17,"column":57},"end":{"line":22,"column":4}},"3":{"start":{"line":24,"column":2},"end":{"line":32,"column":4}},"4":{"start":{"line":13,"column":13},"end":{"line":13,"column":33}},"5":{"start":{"line":36,"column":40},"end":{"line":40,"column":1}},"6":{"start":{"line":39,"column":2},"end":{"line":39,"column":89}},"7":{"start":{"line":39,"column":49},"end":{"line":39,"column":88}},"8":{"start":{"line":36,"column":13},"end":{"line":36,"column":40}},"9":{"start":{"line":43,"column":51},"end":{"line":55,"column":1}},"10":{"start":{"line":46,"column":50},"end":{"line":50,"column":4}},"11":{"start":{"line":52,"column":27},"end":{"line":52,"column":66}},"12":{"start":{"line":54,"column":2},"end":{"line":54,"column":51}},"13":{"start":{"line":43,"column":13},"end":{"line":43,"column":51}},"14":{"start":{"line":58,"column":2},"end":{"line":60,"column":41}},"15":{"start":{"line":59,"column":2},"end":{"line":60,"column":41}},"16":{"start":{"line":60,"column":4},"end":{"line":60,"column":41}},"17":{"start":{"line":61,"column":35},"end":{"line":61,"column":121}},"18":{"start":{"line":61,"column":59},"end":{"line":61,"column":121}},"19":{"start":{"line":61,"column":13},"end":{"line":61,"column":35}},"20":{"start":{"line":64,"column":32},"end":{"line":84,"column":1}},"21":{"start":{"line":68,"column":19},"end":{"line":73,"column":46}},"22":{"start":{"line":75,"column":2},"end":{"line":83,"column":42}},"23":{"start":{"line":64,"column":13},"end":{"line":64,"column":32}},"24":{"start":{"line":86,"column":13},"end":{"line":86,"column":60}},"25":{"start":{"line":87,"column":13},"end":{"line":87,"column":60}},"26":{"start":{"line":88,"column":13},"end":{"line":88,"column":35}},"27":{"start":{"line":90,"column":13},"end":{"line":90,"column":49}}},"fnMap":{"0":{"name":"(anonymous_0)","decl":{"start":{"line":13,"column":33},"end":{"line":13,"column":null}},"loc":{"start":{"line":16,"column":38},"end":{"line":33,"column":1}}},"1":{"name":"(anonymous_1)","decl":{"start":{"line":36,"column":40},"end":{"line":36,"column":null}},"loc":{"start":{"line":38,"column":34},"end":{"line":40,"column":1}}},"2":{"name":"(anonymous_2)","decl":{"start":{"line":39,"column":9},"end":{"line":39,"column":32}},"loc":{"start":{"line":39,"column":49},"end":{"line":39,"column":88}}},"3":{"name":"(anonymous_3)","decl":{"start":{"line":43,"column":51},"end":{"line":43,"column":null}},"loc":{"start":{"line":45,"column":45},"end":{"line":55,"column":1}}},"4":{"name":"(anonymous_4)","decl":{"start":{"line":58,"column":2},"end":{"line":58,"column":6}},"loc":{"start":{"line":59,"column":2},"end":{"line":60,"column":41}}},"5":{"name":"(anonymous_5)","decl":{"start":{"line":59,"column":2},"end":{"line":59,"column":3}},"loc":{"start":{"line":60,"column":4},"end":{"line":60,"column":41}}},"6":{"name":"(anonymous_6)","decl":{"start":{"line":61,"column":35},"end":{"line":61,"column":39}},"loc":{"start":{"line":61,"column":59},"end":{"line":61,"column":121}}},"7":{"name":"(anonymous_7)","decl":{"start":{"line":64,"column":32},"end":{"line":64,"column":null}},"loc":{"start":{"line":67,"column":40},"end":{"line":84,"column":1}}}},"branchMap":{"0":{"loc":{"start":{"line":60,"column":4},"end":{"line":60,"column":41}},"type":"binary-expr","locations":[{"start":{"line":60,"column":4},"end":{"line":60,"column":18}},{"start":{"line":60,"column":22},"end":{"line":60,"column":41}}]}},"s":{"0":2,"1":2,"2":66,"3":66,"4":2,"5":2,"6":6,"7":66,"8":2,"9":2,"10":6,"11":6,"12":6,"13":2,"14":2,"15":6,"16":66,"17":2,"18":6,"19":2,"20":2,"21":0,"22":0,"23":2,"24":2,"25":2,"26":2,"27":2},"f":{"0":66,"1":6,"2":66,"3":6,"4":6,"5":66,"6":6,"7":0},"b":{"0":[66,0]}}
,"/Users/deverkemmenash/Desktop/2021/Portfolio/ts-pattern/src/code/match.ts": {"path":"/Users/deverkemmenash/Desktop/2021/Portfolio/ts-pattern/src/code/match.ts","statementMap":{"0":{"start":{"line":4,"column":0},"end":{"line":4,"column":82}},"1":{"start":{"line":11,"column":31},"end":{"line":19,"column":1}},"2":{"start":{"line":15,"column":2},"end":{"line":18,"column":4}},"3":{"start":{"line":11,"column":13},"end":{"line":11,"column":31}},"4":{"start":{"line":21,"column":23},"end":{"line":32,"column":1}},"5":{"start":{"line":27,"column":30},"end":{"line":27,"column":38}},"6":{"start":{"line":28,"column":2},"end":{"line":31,"column":4}},"7":{"start":{"line":21,"column":13},"end":{"line":21,"column":23}},"8":{"start":{"line":34,"column":36},"end":{"line":36,"column":1}},"9":{"start":{"line":35,"column":2},"end":{"line":35,"column":135}},"10":{"start":{"line":34,"column":13},"end":{"line":34,"column":36}},"11":{"start":{"line":38,"column":26},"end":{"line":44,"column":1}},"12":{"start":{"line":41,"column":30},"end":{"line":41,"column":38}},"13":{"start":{"line":42,"column":17},"end":{"line":42,"column":47}},"14":{"start":{"line":43,"column":2},"end":{"line":43,"column":76}},"15":{"start":{"line":38,"column":13},"end":{"line":38,"column":26}},"16":{"start":{"line":46,"column":24},"end":{"line":58,"column":1}},"17":{"start":{"line":51,"column":30},"end":{"line":51,"column":38}},"18":{"start":{"line":52,"column":17},"end":{"line":52,"column":47}},"19":{"start":{"line":53,"column":2},"end":{"line":57,"column":null}},"20":{"start":{"line":54,"column":4},"end":{"line":54,"column":84}},"21":{"start":{"line":56,"column":4},"end":{"line":56,"column":67}},"22":{"start":{"line":46,"column":13},"end":{"line":46,"column":24}},"23":{"start":{"line":60,"column":19},"end":{"line":69,"column":1}},"24":{"start":{"line":62,"column":30},"end":{"line":62,"column":38}},"25":{"start":{"line":63,"column":17},"end":{"line":63,"column":47}},"26":{"start":{"line":64,"column":2},"end":{"line":68,"column":null}},"27":{"start":{"line":65,"column":4},"end":{"line":65,"column":21}},"28":{"start":{"line":67,"column":4},"end":{"line":67,"column":18}},"29":{"start":{"line":60,"column":13},"end":{"line":60,"column":19}},"30":{"start":{"line":71,"column":25},"end":{"line":80,"column":1}},"31":{"start":{"line":73,"column":30},"end":{"line":73,"column":38}},"32":{"start":{"line":74,"column":17},"end":{"line":74,"column":47}},"33":{"start":{"line":75,"column":2},"end":{"line":79,"column":null}},"34":{"start":{"line":76,"column":4},"end":{"line":76,"column":80}},"35":{"start":{"line":78,"column":4},"end":{"line":78,"column":18}},"36":{"start":{"line":71,"column":13},"end":{"line":71,"column":25}}},"fnMap":{"0":{"name":"(anonymous_0)","decl":{"start":{"line":11,"column":31},"end":{"line":11,"column":null}},"loc":{"start":{"line":14,"column":34},"end":{"line":19,"column":1}}},"1":{"name":"(anonymous_1)","decl":{"start":{"line":21,"column":23},"end":{"line":21,"column":null}},"loc":{"start":{"line":25,"column":82},"end":{"line":32,"column":1}}},"2":{"name":"(anonymous_2)","decl":{"start":{"line":34,"column":36},"end":{"line":34,"column":37}},"loc":{"start":{"line":34,"column":133},"end":{"line":36,"column":1}}},"3":{"name":"(anonymous_3)","decl":{"start":{"line":38,"column":26},"end":{"line":38,"column":null}},"loc":{"start":{"line":40,"column":62},"end":{"line":44,"column":1}}},"4":{"name":"(anonymous_4)","decl":{"start":{"line":46,"column":24},"end":{"line":46,"column":null}},"loc":{"start":{"line":49,"column":51},"end":{"line":58,"column":1}}},"5":{"name":"(anonymous_5)","decl":{"start":{"line":60,"column":19},"end":{"line":60,"column":37}},"loc":{"start":{"line":60,"column":100},"end":{"line":69,"column":1}}},"6":{"name":"(anonymous_6)","decl":{"start":{"line":71,"column":25},"end":{"line":71,"column":43}},"loc":{"start":{"line":71,"column":94},"end":{"line":80,"column":1}}}},"branchMap":{"0":{"loc":{"start":{"line":35,"column":9},"end":{"line":35,"column":134}},"type":"binary-expr","locations":[{"start":{"line":35,"column":9},"end":{"line":35,"column":28}},{"start":{"line":35,"column":32},"end":{"line":35,"column":62}},{"start":{"line":35,"column":67},"end":{"line":35,"column":134}}]},"1":{"loc":{"start":{"line":53,"column":2},"end":{"line":57,"column":null}},"type":"if","locations":[{"start":{"line":53,"column":2},"end":{"line":57,"column":null}},{"start":{"line":55,"column":9},"end":{"line":57,"column":null}}]},"2":{"loc":{"start":{"line":64,"column":2},"end":{"line":68,"column":null}},"type":"if","locations":[{"start":{"line":64,"column":2},"end":{"line":68,"column":null}},{"start":{"line":66,"column":9},"end":{"line":68,"column":null}}]},"3":{"loc":{"start":{"line":75,"column":2},"end":{"line":79,"column":null}},"type":"if","locations":[{"start":{"line":75,"column":2},"end":{"line":79,"column":null}},{"start":{"line":77,"column":9},"end":{"line":79,"column":null}}]}},"s":{"0":1,"1":1,"2":47,"3":1,"4":1,"5":96,"6":96,"7":1,"8":1,"9":48,"10":1,"11":1,"12":41,"13":41,"14":41,"15":1,"16":1,"17":2,"18":2,"19":2,"20":1,"21":1,"22":1,"23":1,"24":2,"25":2,"26":2,"27":1,"28":1,"29":1,"30":1,"31":2,"32":2,"33":2,"34":1,"35":1,"36":1},"f":{"0":47,"1":96,"2":48,"3":41,"4":2,"5":2,"6":2},"b":{"0":[48,48,13],"1":[1,1],"2":[1,1],"3":[1,1]}}
,"/Users/deverkemmenash/Desktop/2021/Portfolio/ts-pattern/src/code/matcher.ts": {"path":"/Users/deverkemmenash/Desktop/2021/Portfolio/ts-pattern/src/code/matcher.ts","statementMap":{"0":{"start":{"line":4,"column":0},"end":{"line":4,"column":124}},"1":{"start":{"line":18,"column":2},"end":{"line":18,"column":42}},"2":{"start":{"line":20,"column":4},"end":{"line":20,"column":null}},"3":{"start":{"line":27,"column":4},"end":{"line":27,"column":null}},"4":{"start":{"line":32,"column":19},"end":{"line":32,"column":45}},"5":{"start":{"line":33,"column":4},"end":{"line":37,"column":null}},"6":{"start":{"line":34,"column":6},"end":{"line":34,"column":44}},"7":{"start":{"line":36,"column":6},"end":{"line":36,"column":63}},"8":{"start":{"line":36,"column":20},"end":{"line":36,"column":26}},"9":{"start":{"line":41,"column":4},"end":{"line":41,"column":null}},"10":{"start":{"line":45,"column":4},"end":{"line":45,"column":null}},"11":{"start":{"line":49,"column":4},"end":{"line":49,"column":null}},"12":{"start":{"line":17,"column":0},"end":{"line":17,"column":13}},"13":{"start":{"line":53,"column":21},"end":{"line":55,"column":1}},"14":{"start":{"line":54,"column":2},"end":{"line":54,"column":null}},"15":{"start":{"line":53,"column":13},"end":{"line":53,"column":21}}},"fnMap":{"0":{"name":"(anonymous_2)","decl":{"start":{"line":19,"column":2},"end":{"line":19,"column":14}},"loc":{"start":{"line":19,"column":52},"end":{"line":21,"column":3}}},"1":{"name":"(anonymous_3)","decl":{"start":{"line":23,"column":2},"end":{"line":23,"column":9}},"loc":{"start":{"line":25,"column":58},"end":{"line":28,"column":3}}},"2":{"name":"(anonymous_4)","decl":{"start":{"line":30,"column":2},"end":{"line":30,"column":6}},"loc":{"start":{"line":30,"column":16},"end":{"line":38,"column":3}}},"3":{"name":"(anonymous_5)","decl":{"start":{"line":36,"column":14},"end":{"line":36,"column":17}},"loc":{"start":{"line":36,"column":20},"end":{"line":36,"column":26}}},"4":{"name":"(anonymous_6)","decl":{"start":{"line":40,"column":2},"end":{"line":40,"column":10}},"loc":{"start":{"line":40,"column":78},"end":{"line":42,"column":3}}},"5":{"name":"(anonymous_7)","decl":{"start":{"line":44,"column":2},"end":{"line":44,"column":5}},"loc":{"start":{"line":44,"column":5},"end":{"line":46,"column":3}}},"6":{"name":"(anonymous_8)","decl":{"start":{"line":48,"column":2},"end":{"line":48,"column":11}},"loc":{"start":{"line":48,"column":11},"end":{"line":50,"column":3}}},"7":{"name":"(anonymous_9)","decl":{"start":{"line":53,"column":21},"end":{"line":53,"column":29}},"loc":{"start":{"line":53,"column":67},"end":{"line":55,"column":1}}}},"branchMap":{"0":{"loc":{"start":{"line":33,"column":4},"end":{"line":37,"column":null}},"type":"if","locations":[{"start":{"line":33,"column":4},"end":{"line":37,"column":null}},{"start":{"line":35,"column":11},"end":{"line":37,"column":null}}]}},"s":{"0":1,"1":143,"2":143,"3":96,"4":41,"5":41,"6":1,"7":40,"8":40,"9":2,"10":2,"11":2,"12":1,"13":1,"14":47,"15":1},"f":{"0":143,"1":96,"2":41,"3":40,"4":2,"5":2,"6":2,"7":47},"b":{"0":[1,40]}}
,"/Users/deverkemmenash/Desktop/2021/Portfolio/ts-pattern/src/code/matcherEngine.ts": {"path":"/Users/deverkemmenash/Desktop/2021/Portfolio/ts-pattern/src/code/matcherEngine.ts","statementMap":{"0":{"start":{"line":1,"column":0},"end":{"line":1,"column":107}},"1":{"start":{"line":6,"column":0},"end":{"line":6,"column":null}},"2":{"start":{"line":25,"column":23},"end":{"line":25,"column":86}},"3":{"start":{"line":25,"column":54},"end":{"line":25,"column":86}},"4":{"start":{"line":27,"column":31},"end":{"line":31,"column":1}},"5":{"start":{"line":30,"column":2},"end":{"line":30,"column":57}},"6":{"start":{"line":27,"column":13},"end":{"line":27,"column":31}},"7":{"start":{"line":33,"column":27},"end":{"line":37,"column":1}},"8":{"start":{"line":36,"column":2},"end":{"line":36,"column":53}},"9":{"start":{"line":33,"column":13},"end":{"line":33,"column":27}},"10":{"start":{"line":39,"column":26},"end":{"line":41,"column":1}},"11":{"start":{"line":40,"column":2},"end":{"line":40,"column":99}},"12":{"start":{"line":39,"column":13},"end":{"line":39,"column":26}},"13":{"start":{"line":43,"column":26},"end":{"line":45,"column":1}},"14":{"start":{"line":44,"column":2},"end":{"line":44,"column":63}},"15":{"start":{"line":43,"column":13},"end":{"line":43,"column":26}},"16":{"start":{"line":48,"column":22},"end":{"line":50,"column":1}},"17":{"start":{"line":49,"column":2},"end":{"line":49,"column":81}},"18":{"start":{"line":48,"column":13},"end":{"line":48,"column":22}},"19":{"start":{"line":52,"column":29},"end":{"line":63,"column":1}},"20":{"start":{"line":53,"column":2},"end":{"line":53,"column":62}},"21":{"start":{"line":53,"column":29},"end":{"line":53,"column":62}},"22":{"start":{"line":54,"column":42},"end":{"line":54,"column":50}},"23":{"start":{"line":55,"column":33},"end":{"line":55,"column":45}},"24":{"start":{"line":56,"column":27},"end":{"line":56,"column":52}},"25":{"start":{"line":57,"column":2},"end":{"line":62,"column":null}},"26":{"start":{"line":59,"column":4},"end":{"line":59,"column":null}},"27":{"start":{"line":61,"column":4},"end":{"line":61,"column":46}},"28":{"start":{"line":52,"column":13},"end":{"line":52,"column":29}},"29":{"start":{"line":65,"column":25},"end":{"line":90,"column":1}},"30":{"start":{"line":66,"column":2},"end":{"line":68,"column":null}},"31":{"start":{"line":67,"column":4},"end":{"line":67,"column":null}},"32":{"start":{"line":69,"column":2},"end":{"line":89,"column":null}},"33":{"start":{"line":70,"column":4},"end":{"line":70,"column":null}},"34":{"start":{"line":71,"column":9},"end":{"line":89,"column":null}},"35":{"start":{"line":72,"column":4},"end":{"line":72,"column":42}},"36":{"start":{"line":73,"column":9},"end":{"line":89,"column":null}},"37":{"start":{"line":74,"column":4},"end":{"line":74,"column":46}},"38":{"start":{"line":75,"column":9},"end":{"line":89,"column":null}},"39":{"start":{"line":76,"column":4},"end":{"line":76,"column":34}},"40":{"start":{"line":77,"column":9},"end":{"line":89,"column":null}},"41":{"start":{"line":78,"column":53},"end":{"line":78,"column":90}},"42":{"start":{"line":79,"column":4},"end":{"line":79,"column":43}},"43":{"start":{"line":80,"column":9},"end":{"line":89,"column":null}},"44":{"start":{"line":81,"column":55},"end":{"line":81,"column":93}},"45":{"start":{"line":82,"column":4},"end":{"line":82,"column":45}},"46":{"start":{"line":83,"column":9},"end":{"line":89,"column":null}},"47":{"start":{"line":84,"column":26},"end":{"line":84,"column":58}},"48":{"start":{"line":85,"column":63},"end":{"line":85,"column":109}},"49":{"start":{"line":86,"column":4},"end":{"line":86,"column":53}},"50":{"start":{"line":88,"column":4},"end":{"line":88,"column":68}},"51":{"start":{"line":65,"column":13},"end":{"line":65,"column":25}},"52":{"start":{"line":92,"column":20},"end":{"line":98,"column":1}},"53":{"start":{"line":93,"column":2},"end":{"line":97,"column":null}},"54":{"start":{"line":94,"column":4},"end":{"line":94,"column":44}},"55":{"start":{"line":96,"column":4},"end":{"line":96,"column":46}},"56":{"start":{"line":100,"column":27},"end":{"line":102,"column":1}},"57":{"start":{"line":101,"column":2},"end":{"line":101,"column":33}},"58":{"start":{"line":104,"column":55},"end":{"line":125,"column":1}},"59":{"start":{"line":105,"column":2},"end":{"line":124,"column":null}},"60":{"start":{"line":106,"column":4},"end":{"line":106,"column":75}},"61":{"start":{"line":108,"column":4},"end":{"line":123,"column":null}},"62":{"start":{"line":109,"column":6},"end":{"line":109,"column":16}},"63":{"start":{"line":111,"column":6},"end":{"line":122,"column":null}},"64":{"start":{"line":113,"column":35},"end":{"line":113,"column":37}},"65":{"start":{"line":114,"column":10},"end":{"line":114,"column":89}},"66":{"start":{"line":117,"column":28},"end":{"line":117,"column":30}},"67":{"start":{"line":118,"column":10},"end":{"line":118,"column":35}},"68":{"start":{"line":121,"column":10},"end":{"line":121,"column":26}},"69":{"start":{"line":127,"column":25},"end":{"line":137,"column":1}},"70":{"start":{"line":128,"column":23},"end":{"line":128,"column":90}},"71":{"start":{"line":129,"column":17},"end":{"line":129,"column":41}},"72":{"start":{"line":130,"column":2},"end":{"line":130,"column":34}},"73":{"start":{"line":130,"column":15},"end":{"line":130,"column":34}},"74":{"start":{"line":131,"column":27},"end":{"line":131,"column":33}},"75":{"start":{"line":132,"column":28},"end":{"line":132,"column":34}},"76":{"start":{"line":133,"column":18},"end":{"line":133,"column":42}},"77":{"start":{"line":134,"column":2},"end":{"line":134,"column":35}},"78":{"start":{"line":134,"column":16},"end":{"line":134,"column":35}},"79":{"start":{"line":135,"column":18},"end":{"line":135,"column":30}},"80":{"start":{"line":136,"column":2},"end":{"line":136,"column":25}},"81":{"start":{"line":139,"column":23},"end":{"line":141,"column":1}},"82":{"start":{"line":140,"column":2},"end":{"line":140,"column":33}},"83":{"start":{"line":143,"column":22},"end":{"line":151,"column":1}},"84":{"start":{"line":144,"column":24},"end":{"line":144,"column":31}},"85":{"start":{"line":145,"column":18},"end":{"line":145,"column":34}},"86":{"start":{"line":146,"column":2},"end":{"line":150,"column":null}},"87":{"start":{"line":147,"column":4},"end":{"line":147,"column":22}},"88":{"start":{"line":149,"column":4},"end":{"line":149,"column":23}},"89":{"start":{"line":153,"column":27},"end":{"line":161,"column":1}},"90":{"start":{"line":154,"column":31},"end":{"line":154,"column":38}},"91":{"start":{"line":155,"column":18},"end":{"line":155,"column":34}},"92":{"start":{"line":156,"column":2},"end":{"line":160,"column":null}},"93":{"start":{"line":157,"column":4},"end":{"line":157,"column":38}},"94":{"start":{"line":159,"column":4},"end":{"line":159,"column":23}},"95":{"start":{"line":163,"column":23},"end":{"line":171,"column":1}},"96":{"start":{"line":164,"column":41},"end":{"line":164,"column":48}},"97":{"start":{"line":165,"column":27},"end":{"line":165,"column":57}},"98":{"start":{"line":166,"column":2},"end":{"line":170,"column":null}},"99":{"start":{"line":167,"column":4},"end":{"line":167,"column":51}},"100":{"start":{"line":169,"column":4},"end":{"line":169,"column":23}},"101":{"start":{"line":173,"column":29},"end":{"line":177,"column":1}},"102":{"start":{"line":176,"column":2},"end":{"line":176,"column":117}},"103":{"start":{"line":179,"column":20},"end":{"line":185,"column":1}},"104":{"start":{"line":180,"column":2},"end":{"line":184,"column":null}},"105":{"start":{"line":181,"column":4},"end":{"line":181,"column":46}},"106":{"start":{"line":183,"column":4},"end":{"line":183,"column":47}},"107":{"start":{"line":187,"column":19},"end":{"line":189,"column":1}},"108":{"start":{"line":188,"column":2},"end":{"line":188,"column":null}},"109":{"start":{"line":188,"column":63},"end":{"line":188,"column":92}},"110":{"start":{"line":191,"column":29},"end":{"line":193,"column":1}},"111":{"start":{"line":192,"column":2},"end":{"line":192,"column":null}},"112":{"start":{"line":195,"column":28},"end":{"line":205,"column":1}},"113":{"start":{"line":196,"column":2},"end":{"line":204,"column":4}},"114":{"start":{"line":198,"column":31},"end":{"line":198,"column":59}},"115":{"start":{"line":199,"column":6},"end":{"line":199,"column":43}},"116":{"start":{"line":199,"column":24},"end":{"line":199,"column":43}},"117":{"start":{"line":200,"column":6},"end":{"line":200,"column":39}},"118":{"start":{"line":200,"column":20},"end":{"line":200,"column":39}},"119":{"start":{"line":201,"column":6},"end":{"line":201,"column":48}},"120":{"start":{"line":207,"column":27},"end":{"line":233,"column":1}},"121":{"start":{"line":208,"column":51},"end":{"line":208,"column":53}},"122":{"start":{"line":209,"column":26},"end":{"line":209,"column":51}},"123":{"start":{"line":210,"column":32},"end":{"line":210,"column":80}},"124":{"start":{"line":211,"column":27},"end":{"line":211,"column":100}},"125":{"start":{"line":213,"column":2},"end":{"line":232,"column":4}},"126":{"start":{"line":215,"column":6},"end":{"line":215,"column":43}},"127":{"start":{"line":215,"column":24},"end":{"line":215,"column":43}},"128":{"start":{"line":217,"column":25},"end":{"line":217,"column":37}},"129":{"start":{"line":219,"column":6},"end":{"line":229,"column":null}},"130":{"start":{"line":220,"column":8},"end":{"line":220,"column":87}},"131":{"start":{"line":222,"column":8},"end":{"line":222,"column":35}},"132":{"start":{"line":223,"column":8},"end":{"line":228,"column":null}},"133":{"start":{"line":224,"column":10},"end":{"line":224,"column":42}},"134":{"start":{"line":226,"column":34},"end":{"line":226,"column":67}},"135":{"start":{"line":227,"column":10},"end":{"line":227,"column":98}},"136":{"start":{"line":239,"column":38},"end":{"line":249,"column":1}},"137":{"start":{"line":243,"column":18},"end":{"line":246,"column":4}},"138":{"start":{"line":244,"column":39},"end":{"line":244,"column":80}},"139":{"start":{"line":245,"column":4},"end":{"line":245,"column":17}},"140":{"start":{"line":248,"column":2},"end":{"line":248,"column":66}},"141":{"start":{"line":251,"column":23},"end":{"line":289,"column":1}},"142":{"start":{"line":252,"column":2},"end":{"line":288,"column":null}},"143":{"start":{"line":254,"column":31},"end":{"line":254,"column":39}},"144":{"start":{"line":255,"column":36},"end":{"line":265,"column":null}},"145":{"start":{"line":257,"column":10},"end":{"line":257,"column":51}},"146":{"start":{"line":257,"column":28},"end":{"line":257,"column":51}},"147":{"start":{"line":258,"column":35},"end":{"line":258,"column":55}},"148":{"start":{"line":259,"column":10},"end":{"line":263,"column":null}},"149":{"start":{"line":260,"column":12},"end":{"line":260,"column":93}},"150":{"start":{"line":262,"column":12},"end":{"line":262,"column":35}},"151":{"start":{"line":267,"column":6},"end":{"line":271,"column":null}},"152":{"start":{"line":268,"column":8},"end":{"line":268,"column":50}},"153":{"start":{"line":270,"column":8},"end":{"line":270,"column":27}},"154":{"start":{"line":274,"column":35},"end":{"line":274,"column":43}},"155":{"start":{"line":275,"column":29},"end":{"line":280,"column":null}},"156":{"start":{"line":277,"column":10},"end":{"line":277,"column":47}},"157":{"start":{"line":277,"column":28},"end":{"line":277,"column":47}},"158":{"start":{"line":278,"column":10},"end":{"line":278,"column":51}},"159":{"start":{"line":282,"column":6},"end":{"line":286,"column":null}},"160":{"start":{"line":283,"column":8},"end":{"line":283,"column":40}},"161":{"start":{"line":285,"column":8},"end":{"line":285,"column":27}},"162":{"start":{"line":291,"column":26},"end":{"line":296,"column":1}},"163":{"start":{"line":292,"column":37},"end":{"line":292,"column":48}},"164":{"start":{"line":293,"column":39},"end":{"line":293,"column":51}},"165":{"start":{"line":294,"column":2},"end":{"line":294,"column":58}},"166":{"start":{"line":294,"column":39},"end":{"line":294,"column":58}},"167":{"start":{"line":295,"column":2},"end":{"line":295,"column":51}},"168":{"start":{"line":298,"column":25},"end":{"line":323,"column":1}},"169":{"start":{"line":299,"column":2},"end":{"line":305,"column":null}},"170":{"start":{"line":300,"column":4},"end":{"line":304,"column":null}},"171":{"start":{"line":301,"column":6},"end":{"line":301,"column":24}},"172":{"start":{"line":303,"column":6},"end":{"line":303,"column":25}},"173":{"start":{"line":307,"column":41},"end":{"line":307,"column":48}},"174":{"start":{"line":309,"column":2},"end":{"line":322,"column":null}},"175":{"start":{"line":310,"column":4},"end":{"line":310,"column":45}},"176":{"start":{"line":312,"column":4},"end":{"line":318,"column":null}},"177":{"start":{"line":313,"column":6},"end":{"line":317,"column":null}},"178":{"start":{"line":314,"column":8},"end":{"line":314,"column":26}},"179":{"start":{"line":316,"column":8},"end":{"line":316,"column":27}},"180":{"start":{"line":320,"column":35},"end":{"line":320,"column":38}},"181":{"start":{"line":321,"column":4},"end":{"line":321,"column":104}},"182":{"start":{"line":356,"column":20},"end":{"line":360,"column":1}},"183":{"start":{"line":357,"column":15},"end":{"line":357,"column":43}},"184":{"start":{"line":358,"column":15},"end":{"line":358,"column":34}},"185":{"start":{"line":359,"column":2},"end":{"line":359,"column":null}},"186":{"start":{"line":362,"column":30},"end":{"line":383,"column":1}},"187":{"start":{"line":368,"column":29},"end":{"line":368,"column":45}},"188":{"start":{"line":369,"column":37},"end":{"line":369,"column":57}},"189":{"start":{"line":370,"column":2},"end":{"line":374,"column":null}},"190":{"start":{"line":371,"column":4},"end":{"line":371,"column":44}},"191":{"start":{"line":373,"column":4},"end":{"line":373,"column":102}},"192":{"start":{"line":385,"column":19},"end":{"line":393,"column":1}},"193":{"start":{"line":387,"column":18},"end":{"line":387,"column":25}},"194":{"start":{"line":388,"column":2},"end":{"line":392,"column":null}},"195":{"start":{"line":389,"column":4},"end":{"line":389,"column":47}},"196":{"start":{"line":391,"column":4},"end":{"line":391,"column":42}}},"fnMap":{"0":{"name":"(anonymous_0)","decl":{"start":{"line":25,"column":23},"end":{"line":25,"column":24}},"loc":{"start":{"line":25,"column":54},"end":{"line":25,"column":86}}},"1":{"name":"(anonymous_1)","decl":{"start":{"line":27,"column":31},"end":{"line":27,"column":null}},"loc":{"start":{"line":29,"column":18},"end":{"line":31,"column":1}}},"2":{"name":"(anonymous_2)","decl":{"start":{"line":33,"column":27},"end":{"line":33,"column":null}},"loc":{"start":{"line":35,"column":18},"end":{"line":37,"column":1}}},"3":{"name":"(anonymous_3)","decl":{"start":{"line":39,"column":26},"end":{"line":39,"column":96}},"loc":{"start":{"line":39,"column":134},"end":{"line":41,"column":1}}},"4":{"name":"(anonymous_4)","decl":{"start":{"line":43,"column":26},"end":{"line":43,"column":98}},"loc":{"start":{"line":43,"column":136},"end":{"line":45,"column":1}}},"5":{"name":"(anonymous_5)","decl":{"start":{"line":48,"column":22},"end":{"line":48,"column":23}},"loc":{"start":{"line":48,"column":99},"end":{"line":50,"column":1}}},"6":{"name":"(anonymous_6)","decl":{"start":{"line":52,"column":29},"end":{"line":52,"column":42}},"loc":{"start":{"line":52,"column":136},"end":{"line":63,"column":1}}},"7":{"name":"(anonymous_7)","decl":{"start":{"line":65,"column":25},"end":{"line":65,"column":29}},"loc":{"start":{"line":65,"column":75},"end":{"line":90,"column":1}}},"8":{"name":"(anonymous_8)","decl":{"start":{"line":92,"column":20},"end":{"line":92,"column":39}},"loc":{"start":{"line":92,"column":91},"end":{"line":98,"column":1}}},"9":{"name":"(anonymous_9)","decl":{"start":{"line":100,"column":27},"end":{"line":100,"column":46}},"loc":{"start":{"line":100,"column":105},"end":{"line":102,"column":1}}},"10":{"name":"(anonymous_10)","decl":{"start":{"line":104,"column":55},"end":{"line":104,"column":56}},"loc":{"start":{"line":104,"column":122},"end":{"line":125,"column":1}}},"11":{"name":"(anonymous_11)","decl":{"start":{"line":127,"column":25},"end":{"line":127,"column":26}},"loc":{"start":{"line":127,"column":85},"end":{"line":137,"column":1}}},"12":{"name":"(anonymous_12)","decl":{"start":{"line":139,"column":23},"end":{"line":139,"column":45}},"loc":{"start":{"line":139,"column":100},"end":{"line":141,"column":1}}},"13":{"name":"(anonymous_13)","decl":{"start":{"line":143,"column":22},"end":{"line":143,"column":26}},"loc":{"start":{"line":143,"column":82},"end":{"line":151,"column":1}}},"14":{"name":"(anonymous_14)","decl":{"start":{"line":153,"column":27},"end":{"line":153,"column":31}},"loc":{"start":{"line":153,"column":91},"end":{"line":161,"column":1}}},"15":{"name":"(anonymous_15)","decl":{"start":{"line":163,"column":23},"end":{"line":163,"column":27}},"loc":{"start":{"line":163,"column":83},"end":{"line":171,"column":1}}},"16":{"name":"(anonymous_16)","decl":{"start":{"line":173,"column":29},"end":{"line":173,"column":null}},"loc":{"start":{"line":175,"column":30},"end":{"line":177,"column":1}}},"17":{"name":"(anonymous_17)","decl":{"start":{"line":179,"column":20},"end":{"line":179,"column":61}},"loc":{"start":{"line":179,"column":113},"end":{"line":185,"column":1}}},"18":{"name":"(anonymous_18)","decl":{"start":{"line":187,"column":19},"end":{"line":187,"column":20}},"loc":{"start":{"line":187,"column":59},"end":{"line":189,"column":1}}},"19":{"name":"(anonymous_19)","decl":{"start":{"line":188,"column":47},"end":{"line":188,"column":48}},"loc":{"start":{"line":188,"column":63},"end":{"line":188,"column":92}}},"20":{"name":"(anonymous_20)","decl":{"start":{"line":191,"column":29},"end":{"line":191,"column":30}},"loc":{"start":{"line":191,"column":48},"end":{"line":193,"column":1}}},"21":{"name":"(anonymous_21)","decl":{"start":{"line":195,"column":28},"end":{"line":195,"column":69}},"loc":{"start":{"line":195,"column":121},"end":{"line":205,"column":1}}},"22":{"name":"(anonymous_22)","decl":{"start":{"line":197,"column":4},"end":{"line":197,"column":5}},"loc":{"start":{"line":197,"column":45},"end":{"line":202,"column":5}}},"23":{"name":"(anonymous_23)","decl":{"start":{"line":207,"column":27},"end":{"line":207,"column":68}},"loc":{"start":{"line":207,"column":127},"end":{"line":233,"column":1}}},"24":{"name":"(anonymous_24)","decl":{"start":{"line":214,"column":4},"end":{"line":214,"column":5}},"loc":{"start":{"line":214,"column":58},"end":{"line":230,"column":5}}},"25":{"name":"(anonymous_25)","decl":{"start":{"line":239,"column":38},"end":{"line":239,"column":null}},"loc":{"start":{"line":242,"column":20},"end":{"line":249,"column":1}}},"26":{"name":"(anonymous_26)","decl":{"start":{"line":243,"column":42},"end":{"line":243,"column":43}},"loc":{"start":{"line":243,"column":57},"end":{"line":246,"column":3}}},"27":{"name":"(anonymous_27)","decl":{"start":{"line":251,"column":23},"end":{"line":251,"column":45}},"loc":{"start":{"line":251,"column":102},"end":{"line":289,"column":1}}},"28":{"name":"(anonymous_28)","decl":{"start":{"line":256,"column":8},"end":{"line":256,"column":9}},"loc":{"start":{"line":256,"column":50},"end":{"line":264,"column":9}}},"29":{"name":"(anonymous_29)","decl":{"start":{"line":276,"column":8},"end":{"line":276,"column":9}},"loc":{"start":{"line":276,"column":39},"end":{"line":279,"column":9}}},"30":{"name":"(anonymous_30)","decl":{"start":{"line":291,"column":26},"end":{"line":291,"column":27}},"loc":{"start":{"line":291,"column":95},"end":{"line":296,"column":1}}},"31":{"name":"(anonymous_31)","decl":{"start":{"line":298,"column":25},"end":{"line":298,"column":47}},"loc":{"start":{"line":298,"column":105},"end":{"line":323,"column":1}}},"32":{"name":"(anonymous_32)","decl":{"start":{"line":356,"column":20},"end":{"line":356,"column":24}},"loc":{"start":{"line":356,"column":58},"end":{"line":360,"column":1}}},"33":{"name":"(anonymous_33)","decl":{"start":{"line":362,"column":30},"end":{"line":362,"column":null}},"loc":{"start":{"line":365,"column":17},"end":{"line":383,"column":1}}},"34":{"name":"(anonymous_34)","decl":{"start":{"line":385,"column":19},"end":{"line":385,"column":41}},"loc":{"start":{"line":385,"column":96},"end":{"line":393,"column":1}}}},"branchMap":{"0":{"loc":{"start":{"line":30,"column":9},"end":{"line":30,"column":56}},"type":"binary-expr","locations":[{"start":{"line":30,"column":9},"end":{"line":30,"column":20}},{"start":{"line":30,"column":24},"end":{"line":30,"column":56}}]},"1":{"loc":{"start":{"line":36,"column":9},"end":{"line":36,"column":52}},"type":"binary-expr","locations":[{"start":{"line":36,"column":9},"end":{"line":36,"column":20}},{"start":{"line":36,"column":24},"end":{"line":36,"column":52}}]},"2":{"loc":{"start":{"line":40,"column":9},"end":{"line":40,"column":98}},"type":"binary-expr","locations":[{"start":{"line":40,"column":9},"end":{"line":40,"column":20}},{"start":{"line":40,"column":25},"end":{"line":40,"column":57}},{"start":{"line":40,"column":61},"end":{"line":40,"column":97}}]},"3":{"loc":{"start":{"line":44,"column":9},"end":{"line":44,"column":62}},"type":"binary-expr","locations":[{"start":{"line":44,"column":9},"end":{"line":44,"column":20}},{"start":{"line":44,"column":25},"end":{"line":44,"column":61}}]},"4":{"loc":{"start":{"line":49,"column":9},"end":{"line":49,"column":80}},"type":"binary-expr","locations":[{"start":{"line":49,"column":9},"end":{"line":49,"column":21}},{"start":{"line":49,"column":25},"end":{"line":49,"column":42}},{"start":{"line":49,"column":46},"end":{"line":49,"column":80}}]},"5":{"loc":{"start":{"line":53,"column":2},"end":{"line":53,"column":62}},"type":"if","locations":[{"start":{"line":53,"column":2},"end":{"line":53,"column":62}}]},"6":{"loc":{"start":{"line":57,"column":2},"end":{"line":62,"column":null}},"type":"if","locations":[{"start":{"line":57,"column":2},"end":{"line":62,"column":null}},{"start":{"line":60,"column":9},"end":{"line":62,"column":null}}]},"7":{"loc":{"start":{"line":66,"column":2},"end":{"line":68,"column":null}},"type":"if","locations":[{"start":{"line":66,"column":2},"end":{"line":68,"column":null}}]},"8":{"loc":{"start":{"line":69,"column":2},"end":{"line":89,"column":null}},"type":"if","locations":[{"start":{"line":69,"column":2},"end":{"line":89,"column":null}},{"start":{"line":71,"column":9},"end":{"line":89,"column":null}}]},"9":{"loc":{"start":{"line":71,"column":9},"end":{"line":89,"column":null}},"type":"if","locations":[{"start":{"line":71,"column":9},"end":{"line":89,"column":null}},{"start":{"line":73,"column":9},"end":{"line":89,"column":null}}]},"10":{"loc":{"start":{"line":73,"column":9},"end":{"line":89,"column":null}},"type":"if","locations":[{"start":{"line":73,"column":9},"end":{"line":89,"column":null}},{"start":{"line":75,"column":9},"end":{"line":89,"column":null}}]},"11":{"loc":{"start":{"line":75,"column":9},"end":{"line":89,"column":null}},"type":"if","locations":[{"start":{"line":75,"column":9},"end":{"line":89,"column":null}},{"start":{"line":77,"column":9},"end":{"line":89,"column":null}}]},"12":{"loc":{"start":{"line":77,"column":9},"end":{"line":89,"column":null}},"type":"if","locations":[{"start":{"line":77,"column":9},"end":{"line":89,"column":null}},{"start":{"line":80,"column":9},"end":{"line":89,"column":null}}]},"13":{"loc":{"start":{"line":80,"column":9},"end":{"line":89,"column":null}},"type":"if","locations":[{"start":{"line":80,"column":9},"end":{"line":89,"column":null}},{"start":{"line":83,"column":9},"end":{"line":89,"column":null}}]},"14":{"loc":{"start":{"line":83,"column":9},"end":{"line":89,"column":null}},"type":"if","locations":[{"start":{"line":83,"column":9},"end":{"line":89,"column":null}},{"start":{"line":87,"column":9},"end":{"line":89,"column":null}}]},"15":{"loc":{"start":{"line":93,"column":2},"end":{"line":97,"column":null}},"type":"if","locations":[{"start":{"line":93,"column":2},"end":{"line":97,"column":null}},{"start":{"line":95,"column":9},"end":{"line":97,"column":null}}]},"16":{"loc":{"start":{"line":105,"column":2},"end":{"line":124,"column":null}},"type":"if","locations":[{"start":{"line":105,"column":2},"end":{"line":124,"column":null}},{"start":{"line":107,"column":9},"end":{"line":124,"column":null}}]},"17":{"loc":{"start":{"line":108,"column":4},"end":{"line":123,"column":null}},"type":"if","locations":[{"start":{"line":108,"column":4},"end":{"line":123,"column":null}},{"start":{"line":110,"column":11},"end":{"line":123,"column":null}}]},"18":{"loc":{"start":{"line":111,"column":6},"end":{"line":122,"column":null}},"type":"switch","locations":[{"start":{"line":112,"column":8},"end":{"line":115,"column":null}},{"start":{"line":116,"column":8},"end":{"line":119,"column":null}},{"start":{"line":120,"column":8},"end":{"line":121,"column":26}}]},"19":{"loc":{"start":{"line":130,"column":2},"end":{"line":130,"column":34}},"type":"if","locations":[{"start":{"line":130,"column":2},"end":{"line":130,"column":34}}]},"20":{"loc":{"start":{"line":134,"column":2},"end":{"line":134,"column":35}},"type":"if","locations":[{"start":{"line":134,"column":2},"end":{"line":134,"column":35}}]},"21":{"loc":{"start":{"line":135,"column":18},"end":{"line":135,"column":30}},"type":"cond-expr","locations":[{"start":{"line":135,"column":18},"end":{"line":135,"column":24}},{"start":{"line":135,"column":28},"end":{"line":135,"column":30}}]},"22":{"loc":{"start":{"line":135,"column":18},"end":{"line":135,"column":28}},"type":"binary-expr","locations":[{"start":{"line":135,"column":18},"end":{"line":135,"column":28}},{"start":{"line":135,"column":18},"end":{"line":135,"column":28}}]},"23":{"loc":{"start":{"line":146,"column":2},"end":{"line":150,"column":null}},"type":"if","locations":[{"start":{"line":146,"column":2},"end":{"line":150,"column":null}},{"start":{"line":148,"column":9},"end":{"line":150,"column":null}}]},"24":{"loc":{"start":{"line":156,"column":2},"end":{"line":160,"column":null}},"type":"if","locations":[{"start":{"line":156,"column":2},"end":{"line":160,"column":null}},{"start":{"line":158,"column":9},"end":{"line":160,"column":null}}]},"25":{"loc":{"start":{"line":166,"column":2},"end":{"line":170,"column":null}},"type":"if","locations":[{"start":{"line":166,"column":2},"end":{"line":170,"column":null}},{"start":{"line":168,"column":9},"end":{"line":170,"column":null}}]},"26":{"loc":{"start":{"line":176,"column":9},"end":{"line":176,"column":116}},"type":"binary-expr","locations":[{"start":{"line":176,"column":9},"end":{"line":176,"column":30}},{"start":{"line":176,"column":34},"end":{"line":176,"column":66}},{"start":{"line":176,"column":70},"end":{"line":176,"column":116}}]},"27":{"loc":{"start":{"line":180,"column":2},"end":{"line":184,"column":null}},"type":"if","locations":[{"start":{"line":180,"column":2},"end":{"line":184,"column":null}},{"start":{"line":182,"column":9},"end":{"line":184,"column":null}}]},"28":{"loc":{"start":{"line":199,"column":6},"end":{"line":199,"column":43}},"type":"if","locations":[{"start":{"line":199,"column":6},"end":{"line":199,"column":43}}]},"29":{"loc":{"start":{"line":200,"column":6},"end":{"line":200,"column":39}},"type":"if","locations":[{"start":{"line":200,"column":6},"end":{"line":200,"column":39}}]},"30":{"loc":{"start":{"line":211,"column":27},"end":{"line":211,"column":100}},"type":"cond-expr","locations":[{"start":{"line":211,"column":74},"end":{"line":211,"column":95}},{"start":{"line":211,"column":98},"end":{"line":211,"column":100}}]},"31":{"loc":{"start":{"line":215,"column":6},"end":{"line":215,"column":43}},"type":"if","locations":[{"start":{"line":215,"column":6},"end":{"line":215,"column":43}}]},"32":{"loc":{"start":{"line":219,"column":6},"end":{"line":229,"column":null}},"type":"if","locations":[{"start":{"line":219,"column":6},"end":{"line":229,"column":null}},{"start":{"line":221,"column":13},"end":{"line":229,"column":null}}]},"33":{"loc":{"start":{"line":223,"column":8},"end":{"line":228,"column":null}},"type":"if","locations":[{"start":{"line":223,"column":8},"end":{"line":228,"column":null}},{"start":{"line":225,"column":15},"end":{"line":228,"column":null}}]},"34":{"loc":{"start":{"line":226,"column":34},"end":{"line":226,"column":67}},"type":"cond-expr","locations":[{"start":{"line":226,"column":61},"end":{"line":226,"column":65}},{"start":{"line":226,"column":65},"end":{"line":226,"column":67}}]},"35":{"loc":{"start":{"line":226,"column":34},"end":{"line":226,"column":65}},"type":"binary-expr","locations":[{"start":{"line":226,"column":34},"end":{"line":226,"column":65}},{"start":{"line":226,"column":61},"end":{"line":226,"column":65}}]},"36":{"loc":{"start":{"line":244,"column":50},"end":{"line":244,"column":72}},"type":"cond-expr","locations":[{"start":{"line":244,"column":66},"end":{"line":244,"column":70}},{"start":{"line":244,"column":70},"end":{"line":244,"column":72}}]},"37":{"loc":{"start":{"line":244,"column":50},"end":{"line":244,"column":70}},"type":"binary-expr","locations":[{"start":{"line":244,"column":50},"end":{"line":244,"column":70}},{"start":{"line":244,"column":66},"end":{"line":244,"column":70}}]},"38":{"loc":{"start":{"line":252,"column":2},"end":{"line":288,"column":null}},"type":"switch","locations":[{"start":{"line":253,"column":4},"end":{"line":272,"column":null}},{"start":{"line":273,"column":4},"end":{"line":287,"column":null}}]},"39":{"loc":{"start":{"line":257,"column":10},"end":{"line":257,"column":51}},"type":"if","locations":[{"start":{"line":257,"column":10},"end":{"line":257,"column":51}}]},"40":{"loc":{"start":{"line":259,"column":10},"end":{"line":263,"column":null}},"type":"if","locations":[{"start":{"line":259,"column":10},"end":{"line":263,"column":null}},{"start":{"line":261,"column":17},"end":{"line":263,"column":null}}]},"41":{"loc":{"start":{"line":267,"column":6},"end":{"line":271,"column":null}},"type":"if","locations":[{"start":{"line":267,"column":6},"end":{"line":271,"column":null}},{"start":{"line":269,"column":13},"end":{"line":271,"column":null}}]},"42":{"loc":{"start":{"line":277,"column":10},"end":{"line":277,"column":47}},"type":"if","locations":[{"start":{"line":277,"column":10},"end":{"line":277,"column":47}}]},"43":{"loc":{"start":{"line":282,"column":6},"end":{"line":286,"column":null}},"type":"if","locations":[{"start":{"line":282,"column":6},"end":{"line":286,"column":null}},{"start":{"line":284,"column":13},"end":{"line":286,"column":null}}]},"44":{"loc":{"start":{"line":294,"column":2},"end":{"line":294,"column":58}},"type":"if","locations":[{"start":{"line":294,"column":2},"end":{"line":294,"column":58}}]},"45":{"loc":{"start":{"line":294,"column":6},"end":{"line":294,"column":37}},"type":"binary-expr","locations":[{"start":{"line":294,"column":6},"end":{"line":294,"column":19}},{"start":{"line":294,"column":23},"end":{"line":294,"column":37}}]},"46":{"loc":{"start":{"line":299,"column":2},"end":{"line":305,"column":null}},"type":"if","locations":[{"start":{"line":299,"column":2},"end":{"line":305,"column":null}}]},"47":{"loc":{"start":{"line":300,"column":4},"end":{"line":304,"column":null}},"type":"if","locations":[{"start":{"line":300,"column":4},"end":{"line":304,"column":null}},{"start":{"line":302,"column":11},"end":{"line":304,"column":null}}]},"48":{"loc":{"start":{"line":309,"column":2},"end":{"line":322,"column":null}},"type":"if","locations":[{"start":{"line":309,"column":2},"end":{"line":322,"column":null}},{"start":{"line":311,"column":9},"end":{"line":322,"column":null}}]},"49":{"loc":{"start":{"line":312,"column":4},"end":{"line":318,"column":null}},"type":"if","locations":[{"start":{"line":312,"column":4},"end":{"line":318,"column":null}}]},"50":{"loc":{"start":{"line":313,"column":6},"end":{"line":317,"column":null}},"type":"if","locations":[{"start":{"line":313,"column":6},"end":{"line":317,"column":null}},{"start":{"line":315,"column":13},"end":{"line":317,"column":null}}]},"51":{"loc":{"start":{"line":370,"column":2},"end":{"line":374,"column":null}},"type":"if","locations":[{"start":{"line":370,"column":2},"end":{"line":374,"column":null}},{"start":{"line":372,"column":9},"end":{"line":374,"column":null}}]},"52":{"loc":{"start":{"line":388,"column":2},"end":{"line":392,"column":null}},"type":"if","locations":[{"start":{"line":388,"column":2},"end":{"line":392,"column":null}},{"start":{"line":390,"column":9},"end":{"line":392,"column":null}}]}},"s":{"0":2,"1":2,"2":2,"3":561,"4":2,"5":150,"6":2,"7":2,"8":150,"9":2,"10":2,"11":80,"12":2,"13":2,"14":153,"15":2,"16":2,"17":535,"18":2,"19":2,"20":73,"21":4,"22":69,"23":69,"24":69,"25":69,"26":43,"27":26,"28":2,"29":2,"30":163,"31":11,"32":152,"33":2,"34":150,"35":0,"36":150,"37":30,"38":120,"39":0,"40":120,"41":30,"42":30,"43":90,"44":26,"45":26,"46":64,"47":28,"48":28,"49":28,"50":36,"51":2,"52":2,"53":26,"54":4,"55":22,"56":2,"57":22,"58":2,"59":12,"60":4,"61":8,"62":6,"63":2,"64":0,"65":0,"66":2,"67":2,"68":0,"69":2,"70":4,"71":4,"72":4,"73":2,"74":2,"75":2,"76":2,"77":2,"78":0,"79":2,"80":2,"81":2,"82":36,"83":2,"84":2,"85":2,"86":2,"87":2,"88":0,"89":2,"90":30,"91":30,"92":30,"93":30,"94":0,"95":2,"96":0,"97":0,"98":0,"99":0,"100":0,"101":2,"102":28,"103":2,"104":28,"105":0,"106":28,"107":2,"108":28,"109":34,"110":2,"111":28,"112":2,"113":28,"114":58,"115":58,"116":7,"117":51,"118":8,"119":43,"120":2,"121":0,"122":0,"123":0,"124":0,"125":0,"126":0,"127":0,"128":0,"129":0,"130":0,"131":0,"132":0,"133":0,"134":0,"135":0,"136":2,"137":0,"138":0,"139":0,"140":0,"141":2,"142":12,"143":0,"144":0,"145":0,"146":0,"147":0,"148":0,"149":0,"150":0,"151":0,"152":0,"153":0,"154":12,"155":12,"156":34,"157":0,"158":34,"159":12,"160":12,"161":0,"162":2,"163":36,"164":36,"165":36,"166":12,"167":24,"168":2,"169":63,"170":16,"171":16,"172":0,"173":47,"174":47,"175":12,"176":35,"177":2,"178":0,"179":2,"180":33,"181":33,"182":2,"183":6,"184":6,"185":6,"186":2,"187":3,"188":3,"189":3,"190":0,"191":3,"192":2,"193":30,"194":30,"195":3,"196":27},"f":{"0":561,"1":150,"2":150,"3":80,"4":153,"5":535,"6":73,"7":163,"8":26,"9":22,"10":12,"11":4,"12":36,"13":2,"14":30,"15":0,"16":28,"17":28,"18":28,"19":34,"20":28,"21":28,"22":58,"23":0,"24":0,"25":0,"26":0,"27":12,"28":0,"29":34,"30":36,"31":63,"32":6,"33":3,"34":30},"b":{"0":[150,30],"1":[150,30],"2":[80,41,41],"3":[153,33],"4":[535,535,533],"5":[4],"6":[43,26],"7":[11],"8":[2,150],"9":[0,150],"10":[30,120],"11":[0,120],"12":[30,90],"13":[26,64],"14":[28,36],"15":[4,22],"16":[4,8],"17":[6,2],"18":[0,2,0],"19":[2],"20":[0],"21":[1,1],"22":[2,2],"23":[2,0],"24":[30,0],"25":[0,0],"26":[28,28,28],"27":[0,28],"28":[7],"29":[8],"30":[0,0],"31":[0],"32":[0,0],"33":[0,0],"34":[0,0],"35":[0,0],"36":[0,0],"37":[0,0],"38":[0,12],"39":[0],"40":[0,0],"41":[0,0],"42":[0],"43":[12,0],"44":[12],"45":[36,27],"46":[16],"47":[16,0],"48":[12,35],"49":[2],"50":[0,2],"51":[0,3],"52":[3,27]}}
,"/Users/deverkemmenash/Desktop/2021/Portfolio/ts-pattern/src/future/taggedUnion.ts": {"path":"/Users/deverkemmenash/Desktop/2021/Portfolio/ts-pattern/src/future/taggedUnion.ts","statementMap":{"0":{"start":{"line":6,"column":13},"end":{"line":6,"column":42}},"1":{"start":{"line":9,"column":13},"end":{"line":9,"column":50}},"2":{"start":{"line":12,"column":13},"end":{"line":12,"column":54}},"3":{"start":{"line":69,"column":72},"end":{"line":82,"column":3}},"4":{"start":{"line":70,"column":4},"end":{"line":81,"column":null}},"5":{"start":{"line":71,"column":20},"end":{"line":71,"column":24}},"6":{"start":{"line":72,"column":6},"end":{"line":75,"column":8}},"7":{"start":{"line":77,"column":6},"end":{"line":80,"column":8}},"8":{"start":{"line":83,"column":2},"end":{"line":83,"column":17}},"9":{"start":{"line":63,"column":0},"end":{"line":63,"column":16}},"10":{"start":{"line":107,"column":2},"end":{"line":112,"column":3}},"11":{"start":{"line":108,"column":2},"end":{"line":112,"column":3}},"12":{"start":{"line":109,"column":4},"end":{"line":111,"column":6}},"13":{"start":{"line":109,"column":52},"end":{"line":109,"column":75}},"14":{"start":{"line":106,"column":13},"end":{"line":106,"column":null}},"15":{"start":{"line":140,"column":13},"end":{"line":140,"column":null}},"16":{"start":{"line":152,"column":50},"end":{"line":156,"column":1}},"17":{"start":{"line":155,"column":2},"end":{"line":155,"column":109}},"18":{"start":{"line":155,"column":50},"end":{"line":155,"column":83}},"19":{"start":{"line":152,"column":13},"end":{"line":152,"column":50}}},"fnMap":{"0":{"name":"Tag","decl":{"start":{"line":63,"column":16},"end":{"line":63,"column":19}},"loc":{"start":{"line":64,"column":22},"end":{"line":84,"column":1}}},"1":{"name":"(anonymous_1)","decl":{"start":{"line":69,"column":72},"end":{"line":69,"column":73}},"loc":{"start":{"line":69,"column":95},"end":{"line":82,"column":3}}},"2":{"name":"(anonymous_2)","decl":{"start":{"line":107,"column":2},"end":{"line":107,"column":40}},"loc":{"start":{"line":108,"column":2},"end":{"line":112,"column":3}}},"3":{"name":"(anonymous_3)","decl":{"start":{"line":108,"column":2},"end":{"line":108,"column":34}},"loc":{"start":{"line":108,"column":108},"end":{"line":112,"column":3}}},"4":{"name":"(anonymous_4)","decl":{"start":{"line":109,"column":39},"end":{"line":109,"column":40}},"loc":{"start":{"line":109,"column":52},"end":{"line":109,"column":75}}},"5":{"name":"(anonymous_5)","decl":{"start":{"line":152,"column":50},"end":{"line":152,"column":null}},"loc":{"start":{"line":154,"column":4},"end":{"line":156,"column":1}}},"6":{"name":"(anonymous_6)","decl":{"start":{"line":155,"column":37},"end":{"line":155,"column":38}},"loc":{"start":{"line":155,"column":50},"end":{"line":155,"column":83}}}},"branchMap":{"0":{"loc":{"start":{"line":70,"column":4},"end":{"line":81,"column":null}},"type":"if","locations":[{"start":{"line":70,"column":4},"end":{"line":81,"column":null}},{"start":{"line":76,"column":11},"end":{"line":81,"column":null}}]}},"s":{"0":1,"1":1,"2":1,"3":4,"4":33,"5":17,"6":17,"7":16,"8":4,"9":1,"10":1,"11":1,"12":1,"13":2,"14":1,"15":1,"16":1,"17":1,"18":2,"19":1},"f":{"0":4,"1":33,"2":1,"3":1,"4":2,"5":1,"6":2},"b":{"0":[17,16]}}
,"/Users/deverkemmenash/Desktop/2021/Portfolio/ts-pattern/src/types/bind.ts": {"path":"/Users/deverkemmenash/Desktop/2021/Portfolio/ts-pattern/src/types/bind.ts","statementMap":{"0":{"start":{"line":7,"column":13},"end":{"line":7,"column":null}}},"fnMap":{},"branchMap":{},"s":{"0":2},"f":{},"b":{}}
,"/Users/deverkemmenash/Desktop/2021/Portfolio/ts-pattern/src/types/pattern.ts": {"path":"/Users/deverkemmenash/Desktop/2021/Portfolio/ts-pattern/src/types/pattern.ts","statementMap":{"0":{"start":{"line":6,"column":13},"end":{"line":6,"column":53}}},"fnMap":{},"branchMap":{},"s":{"0":2},"f":{},"b":{}}
}
