TN:
SF:src/code/binds.ts
FN:13,(anonymous_0)
FN:36,(anonymous_1)
FN:39,(anonymous_2)
FN:43,(anonymous_3)
FN:58,(anonymous_4)
FN:59,(anonymous_5)
FN:61,(anonymous_6)
FN:64,(anonymous_7)
FNF:8
FNH:7
FNDA:66,(anonymous_0)
FNDA:6,(anonymous_1)
FNDA:66,(anonymous_2)
FNDA:6,(anonymous_3)
FNDA:6,(anonymous_4)
FNDA:66,(anonymous_5)
FNDA:6,(anonymous_6)
FNDA:0,(anonymous_7)
DA:1,2
DA:13,2
DA:17,66
DA:24,66
DA:36,2
DA:39,66
DA:43,2
DA:46,6
DA:52,6
DA:54,6
DA:58,2
DA:59,6
DA:60,66
DA:61,6
DA:64,2
DA:68,0
DA:75,0
DA:86,2
DA:87,2
DA:88,2
DA:90,2
LF:21
LH:19
BRDA:60,0,0,66
BRDA:60,0,1,0
BRF:2
BRH:1
end_of_record
TN:
SF:src/code/match.ts
FN:11,(anonymous_0)
FN:21,(anonymous_1)
FN:34,(anonymous_2)
FN:38,(anonymous_3)
FN:46,(anonymous_4)
FN:60,(anonymous_5)
FN:71,(anonymous_6)
FNF:7
FNH:7
FNDA:47,(anonymous_0)
FNDA:96,(anonymous_1)
FNDA:48,(anonymous_2)
FNDA:41,(anonymous_3)
FNDA:2,(anonymous_4)
FNDA:2,(anonymous_5)
FNDA:2,(anonymous_6)
DA:4,1
DA:11,1
DA:15,47
DA:21,1
DA:27,96
DA:28,96
DA:34,1
DA:35,48
DA:38,1
DA:41,41
DA:42,41
DA:43,41
DA:46,1
DA:51,2
DA:52,2
DA:53,2
DA:54,1
DA:56,1
DA:60,1
DA:62,2
DA:63,2
DA:64,2
DA:65,1
DA:67,1
DA:71,1
DA:73,2
DA:74,2
DA:75,2
DA:76,1
DA:78,1
LF:30
LH:30
BRDA:35,0,0,48
BRDA:35,0,1,48
BRDA:35,0,2,13
BRDA:53,1,0,1
BRDA:53,1,1,1
BRDA:64,2,0,1
BRDA:64,2,1,1
BRDA:75,3,0,1
BRDA:75,3,1,1
BRF:9
BRH:9
end_of_record
TN:
SF:src/code/matcher.ts
FN:19,(anonymous_2)
FN:23,(anonymous_3)
FN:30,(anonymous_4)
FN:36,(anonymous_5)
FN:40,(anonymous_6)
FN:44,(anonymous_7)
FN:48,(anonymous_8)
FN:53,(anonymous_9)
FNF:8
FNH:8
FNDA:143,(anonymous_2)
FNDA:96,(anonymous_3)
FNDA:41,(anonymous_4)
FNDA:40,(anonymous_5)
FNDA:2,(anonymous_6)
FNDA:2,(anonymous_7)
FNDA:2,(anonymous_8)
FNDA:47,(anonymous_9)
DA:4,1
DA:17,1
DA:18,143
DA:20,143
DA:27,96
DA:32,41
DA:33,41
DA:34,1
DA:36,40
DA:41,2
DA:45,2
DA:49,2
DA:53,1
DA:54,47
LF:14
LH:14
BRDA:33,0,0,1
BRDA:33,0,1,40
BRF:2
BRH:2
end_of_record
TN:
SF:src/code/matcherEngine.ts
FN:25,(anonymous_0)
FN:27,(anonymous_1)
FN:33,(anonymous_2)
FN:39,(anonymous_3)
FN:43,(anonymous_4)
FN:48,(anonymous_5)
FN:52,(anonymous_6)
FN:65,(anonymous_7)
FN:92,(anonymous_8)
FN:100,(anonymous_9)
FN:104,(anonymous_10)
FN:127,(anonymous_11)
FN:139,(anonymous_12)
FN:143,(anonymous_13)
FN:153,(anonymous_14)
FN:163,(anonymous_15)
FN:173,(anonymous_16)
FN:179,(anonymous_17)
FN:187,(anonymous_18)
FN:188,(anonymous_19)
FN:191,(anonymous_20)
FN:195,(anonymous_21)
FN:197,(anonymous_22)
FN:207,(anonymous_23)
FN:214,(anonymous_24)
FN:239,(anonymous_25)
FN:243,(anonymous_26)
FN:251,(anonymous_27)
FN:256,(anonymous_28)
FN:276,(anonymous_29)
FN:291,(anonymous_30)
FN:298,(anonymous_31)
FN:356,(anonymous_32)
FN:362,(anonymous_33)
FN:385,(anonymous_34)
FNF:35
FNH:29
FNDA:561,(anonymous_0)
FNDA:150,(anonymous_1)
FNDA:150,(anonymous_2)
FNDA:80,(anonymous_3)
FNDA:153,(anonymous_4)
FNDA:535,(anonymous_5)
FNDA:73,(anonymous_6)
FNDA:163,(anonymous_7)
FNDA:26,(anonymous_8)
FNDA:22,(anonymous_9)
FNDA:12,(anonymous_10)
FNDA:4,(anonymous_11)
FNDA:36,(anonymous_12)
FNDA:2,(anonymous_13)
FNDA:30,(anonymous_14)
FNDA:0,(anonymous_15)
FNDA:28,(anonymous_16)
FNDA:28,(anonymous_17)
FNDA:28,(anonymous_18)
FNDA:34,(anonymous_19)
FNDA:28,(anonymous_20)
FNDA:28,(anonymous_21)
FNDA:58,(anonymous_22)
FNDA:0,(anonymous_23)
FNDA:0,(anonymous_24)
FNDA:0,(anonymous_25)
FNDA:0,(anonymous_26)
FNDA:12,(anonymous_27)
FNDA:0,(anonymous_28)
FNDA:34,(anonymous_29)
FNDA:36,(anonymous_30)
FNDA:63,(anonymous_31)
FNDA:6,(anonymous_32)
FNDA:3,(anonymous_33)
FNDA:30,(anonymous_34)
DA:1,2
DA:6,2
DA:25,561
DA:27,2
DA:30,150
DA:33,2
DA:36,150
DA:39,2
DA:40,80
DA:43,2
DA:44,153
DA:48,2
DA:49,535
DA:52,2
DA:53,73
DA:54,69
DA:55,69
DA:56,69
DA:57,69
DA:59,43
DA:61,26
DA:65,2
DA:66,163
DA:67,11
DA:69,152
DA:70,2
DA:71,150
DA:72,0
DA:73,150
DA:74,30
DA:75,120
DA:76,0
DA:77,120
DA:78,30
DA:79,30
DA:80,90
DA:81,26
DA:82,26
DA:83,64
DA:84,28
DA:85,28
DA:86,28
DA:88,36
DA:92,2
DA:93,26
DA:94,4
DA:96,22
DA:100,2
DA:101,22
DA:104,2
DA:105,12
DA:106,4
DA:108,8
DA:109,6
DA:111,2
DA:113,0
DA:114,0
DA:117,2
DA:118,2
DA:121,0
DA:127,2
DA:128,4
DA:129,4
DA:130,4
DA:131,2
DA:132,2
DA:133,2
DA:134,2
DA:135,2
DA:136,2
DA:139,2
DA:140,36
DA:143,2
DA:144,2
DA:145,2
DA:146,2
DA:147,2
DA:149,0
DA:153,2
DA:154,30
DA:155,30
DA:156,30
DA:157,30
DA:159,0
DA:163,2
DA:164,0
DA:165,0
DA:166,0
DA:167,0
DA:169,0
DA:173,2
DA:176,28
DA:179,2
DA:180,28
DA:181,0
DA:183,28
DA:187,2
DA:188,34
DA:191,2
DA:192,28
DA:195,2
DA:196,28
DA:198,58
DA:199,58
DA:200,51
DA:201,43
DA:207,2
DA:208,0
DA:209,0
DA:210,0
DA:211,0
DA:213,0
DA:215,0
DA:217,0
DA:219,0
DA:220,0
DA:222,0
DA:223,0
DA:224,0
DA:226,0
DA:227,0
DA:239,2
DA:243,0
DA:244,0
DA:245,0
DA:248,0
DA:251,2
DA:252,12
DA:254,0
DA:255,0
DA:257,0
DA:258,0
DA:259,0
DA:260,0
DA:262,0
DA:267,0
DA:268,0
DA:270,0
DA:274,12
DA:275,12
DA:277,34
DA:278,34
DA:282,12
DA:283,12
DA:285,0
DA:291,2
DA:292,36
DA:293,36
DA:294,36
DA:295,24
DA:298,2
DA:299,63
DA:300,16
DA:301,16
DA:303,0
DA:307,47
DA:309,47
DA:310,12
DA:312,35
DA:313,2
DA:314,0
DA:316,2
DA:320,33
DA:321,33
DA:356,2
DA:357,6
DA:358,6
DA:359,6
DA:362,2
DA:368,3
DA:369,3
DA:370,3
DA:371,0
DA:373,3
DA:385,2
DA:387,30
DA:388,30
DA:389,3
DA:391,27
LF:179
LH:134
BRDA:30,0,0,150
BRDA:30,0,1,30
BRDA:36,1,0,150
BRDA:36,1,1,30
BRDA:40,2,0,80
BRDA:40,2,1,41
BRDA:40,2,2,41
BRDA:44,3,0,153
BRDA:44,3,1,33
BRDA:49,4,0,535
BRDA:49,4,1,535
BRDA:49,4,2,533
BRDA:53,5,0,4
BRDA:57,6,0,43
BRDA:57,6,1,26
BRDA:66,7,0,11
BRDA:69,8,0,2
BRDA:69,8,1,150
BRDA:71,9,0,0
BRDA:71,9,1,150
BRDA:73,10,0,30
BRDA:73,10,1,120
BRDA:75,11,0,0
BRDA:75,11,1,120
BRDA:77,12,0,30
BRDA:77,12,1,90
BRDA:80,13,0,26
BRDA:80,13,1,64
BRDA:83,14,0,28
BRDA:83,14,1,36
BRDA:93,15,0,4
BRDA:93,15,1,22
BRDA:105,16,0,4
BRDA:105,16,1,8
BRDA:108,17,0,6
BRDA:108,17,1,2
BRDA:111,18,0,0
BRDA:111,18,1,2
BRDA:111,18,2,0
BRDA:130,19,0,2
BRDA:134,20,0,0
BRDA:135,21,0,1
BRDA:135,21,1,1
BRDA:135,22,0,2
BRDA:135,22,1,2
BRDA:146,23,0,2
BRDA:146,23,1,0
BRDA:156,24,0,30
BRDA:156,24,1,0
BRDA:166,25,0,0
BRDA:166,25,1,0
BRDA:176,26,0,28
BRDA:176,26,1,28
BRDA:176,26,2,28
BRDA:180,27,0,0
BRDA:180,27,1,28
BRDA:199,28,0,7
BRDA:200,29,0,8
BRDA:211,30,0,0
BRDA:211,30,1,0
BRDA:215,31,0,0
BRDA:219,32,0,0
BRDA:219,32,1,0
BRDA:223,33,0,0
BRDA:223,33,1,0
BRDA:226,34,0,0
BRDA:226,34,1,0
BRDA:226,35,0,0
BRDA:226,35,1,0
BRDA:244,36,0,0
BRDA:244,36,1,0
BRDA:244,37,0,0
BRDA:244,37,1,0
BRDA:252,38,0,0
BRDA:252,38,1,12
BRDA:257,39,0,0
BRDA:259,40,0,0
BRDA:259,40,1,0
BRDA:267,41,0,0
BRDA:267,41,1,0
BRDA:277,42,0,0
BRDA:282,43,0,12
BRDA:282,43,1,0
BRDA:294,44,0,12
BRDA:294,45,0,36
BRDA:294,45,1,27
BRDA:299,46,0,16
BRDA:300,47,0,16
BRDA:300,47,1,0
BRDA:309,48,0,12
BRDA:309,48,1,35
BRDA:312,49,0,2
BRDA:313,50,0,0
BRDA:313,50,1,2
BRDA:370,51,0,0
BRDA:370,51,1,3
BRDA:388,52,0,3
BRDA:388,52,1,27
BRF:98
BRH:62
end_of_record
TN:
SF:src/future/taggedUnion.ts
FN:63,Tag
FN:69,(anonymous_1)
FN:107,(anonymous_2)
FN:108,(anonymous_3)
FN:109,(anonymous_4)
FN:152,(anonymous_5)
FN:155,(anonymous_6)
FNF:7
FNH:7
FNDA:4,Tag
FNDA:33,(anonymous_1)
FNDA:1,(anonymous_2)
FNDA:1,(anonymous_3)
FNDA:2,(anonymous_4)
FNDA:1,(anonymous_5)
FNDA:2,(anonymous_6)
DA:6,1
DA:9,1
DA:12,1
DA:63,1
DA:69,4
DA:70,33
DA:71,17
DA:72,17
DA:77,16
DA:83,4
DA:106,1
DA:107,1
DA:108,1
DA:109,2
DA:140,1
DA:152,1
DA:155,2
LF:17
LH:17
BRDA:70,0,0,17
BRDA:70,0,1,16
BRF:2
BRH:2
end_of_record
TN:
SF:src/types/bind.ts
FNF:0
FNH:0
DA:7,2
LF:1
LH:1
BRF:0
BRH:0
end_of_record
TN:
SF:src/types/pattern.ts
FNF:0
FNH:0
DA:6,2
LF:1
LH:1
BRF:0
BRH:0
end_of_record
